 INFO  logger : We have found #<ActiveRecord::Relation:0x95e6074> leads
 INFO  logger : loaded custom data for frances the data has in it http://preview.flowmobileapps.com/compare/abbeygatepresssc
 INFO  logger : loaded custom data for Brian the data has in it http://
 INFO  logger : loaded custom data for simon the data has in it http://
 INFO  logger : loaded custom data for Catheine the data has in it http://
 INFO  logger : loaded custom data for Gina D the data has in it http://preview.flowmobileapps.com/compare/wichitacounseling_blogspot_1
 INFO  logger : loaded custom data for Deidre the data has in it http://preview.flowmobileapps.com/compare/deidreshairstudio_1
 INFO  logger : loaded custom data for ashley the data has in it http://preview.flowmobileapps.com/compare/ashleyannfl
 INFO  logger : loaded custom data for brian the data has in it http://preview.flowmobileapps.com/compare/kberry
 INFO  logger : loaded custom data for REGINALD the data has in it http://
 INFO  logger : loaded custom data for Francis the data has in it http://preview.flowmobileapps.com/compare/walshcontractors_1
 INFO  logger : loaded custom data for susan the data has in it http://preview.flowmobileapps.com/compare/clippersedge
 INFO  logger : loaded custom data for Ryan the data has in it http://preview.flowmobileapps.com/compare/indrebuild
 INFO  logger : loaded custom data for David the data has in it http://preview.flowmobileapps.com/compare/miamielitedj
 INFO  logger : loaded custom data for Mike the data has in it http://preview.flowmobileapps.com/compare/affordableinspectionsoftampabay
 INFO  logger : loaded custom data for sendi the data has in it http://preview.flowmobileapps.com/compare/westlandvet
 INFO  logger : loaded custom data for linda the data has in it http://preview.flowmobileapps.com/compare/caninestylesaz
 INFO  logger : loaded custom data for david the data has in it http://preview.flowmobileapps.com/compare/computerconfidence
 INFO  logger : loaded custom data for ron the data has in it http://preview.flowmobileapps.com/compare/masscomputers
 INFO  logger : loaded custom data for Aaron the data has in it http://preview.flowmobileapps.com/compare/computermd4u
 INFO  logger : loaded custom data for DAVE the data has in it http://preview.flowmobileapps.com/compare/stanolsen
 INFO  logger : loaded custom data for harley the data has in it http://preview.flowmobileapps.com/compare/thearkvetlasvegas
 INFO  logger : loaded custom data for MIKE the data has in it http://preview.flowmobileapps.com/compare/expertautogroup
 INFO  logger : loaded custom data for dan brutsche the data has in it http://preview.flowmobileapps.com/compare/dogtrainingprofessionals
 INFO  logger : loaded custom data for Liroy Soper the data has in it http://preview.flowmobileapps.com/compare/solarxofthepalms
 INFO  logger : loaded custom data for Jasmin the data has in it http://preview.flowmobileapps.com/compare/poshnail
 INFO  logger : loaded custom data for Dan the data has in it http://preview.flowmobileapps.com/compare/feckc
 INFO  logger : loaded custom data for Jay the data has in it http://preview.flowmobileapps.com/compare/cetanasalonspa
 INFO  logger : loaded custom data for Sophia the data has in it http://preview.flowmobileapps.com/compare/sophiascostumes
 INFO  logger : loaded custom data for Charles the data has in it http://
 INFO  logger : loaded custom data for Gail the data has in it http://preview.flowmobileapps.com/compare/petexpressllc
 INFO  logger : loaded custom data for BOB the data has in it http://preview.flowmobileapps.com/compare/thepalmettostorage
 INFO  logger : loaded custom data for Josh the data has in it http://preview.flowmobileapps.com/compare/anacortesliquor
 INFO  logger : loaded custom data for LEOTHA the data has in it http://preview.flowmobileapps.com/compare/allnaturalhealthandweightloss
 INFO  logger : loaded custom data for Dimitry the data has in it http://preview.flowmobileapps.com/compare/smokepipeshops
 INFO  logger : loaded custom data for Gemma the data has in it http://preview.flowmobileapps.com/compare/playfulpetsplaytime
 INFO  logger : loaded custom data for Jodie the data has in it http://preview.flowmobileapps.com/compare/denverpetpal
 INFO  logger : loaded custom data for Marnie the data has in it http://preview.flowmobileapps.com/compare/u-shampooch
 INFO  logger : loaded custom data for ARIF the data has in it http://preview.flowmobileapps.com/compare/customcabinetryllc
 INFO  logger : loaded custom data for Cameron the data has in it http://preview.flowmobileapps.com/compare/dogonefunchicago
 INFO  logger : loaded custom data for Becky the data has in it http://preview.flowmobileapps.com/compare/abcrittercare
 INFO  logger : loaded custom data for DEBORAH the data has in it http://preview.flowmobileapps.com/compare/debsdollboutique
 INFO  logger : loaded custom data for GREG the data has in it http://preview.flowmobileapps.com/compare/westlgi
 INFO  logger : loaded custom data for Ceribdis the data has in it http://preview.flowmobileapps.com/compare/azexoticpets
 INFO  logger : loaded custom data for JASMINE the data has in it http://preview.flowmobileapps.com/compare/salonvishay
 INFO  logger : loaded custom data for Jason the data has in it http://preview.flowmobileapps.com/compare/acepetservices
 INFO  logger : loaded custom data for Andy the data has in it http://preview.flowmobileapps.com/compare/theurbanpet
 INFO  logger : loaded custom data for Stephanie the data has in it http://preview.flowmobileapps.com/compare/freeartsaz
 INFO  logger : loaded custom data for Pete the data has in it http://preview.flowmobileapps.com/compare/vasforemost
 INFO  logger : loaded custom data for GRETCHEN the data has in it http://preview.flowmobileapps.com/compare/woodsidefarmcreamery
 INFO  logger : loaded custom data for Kamesha the data has in it http://preview.flowmobileapps.com/compare/balancespachicago
 INFO  logger : loaded custom data for Paula the data has in it http://preview.flowmobileapps.com/compare/paulaspawsitivepetservices
 INFO  logger : loaded custom data for Jenny the data has in it http://preview.flowmobileapps.com/compare/thekidsinharmony
 INFO  logger : loaded custom data for Kim the data has in it http://preview.flowmobileapps.com/compare/achildsspace
 INFO  logger : loaded custom data for Ahmad the data has in it http://preview.flowmobileapps.com/compare/smokeshop111
 INFO  logger : loaded custom data for Shannon the data has in it http://preview.flowmobileapps.com/compare/mymamaandme
 INFO  logger : loaded custom data for PATRICIA the data has in it http://preview.flowmobileapps.com/compare/woofnmeow
 INFO  logger : loaded custom data for Kris the data has in it http://preview.flowmobileapps.com/compare/creativeplayschool
 INFO  logger : loaded custom data for Sherry the data has in it http://preview.flowmobileapps.com/compare/tinkertown
 INFO  logger : loaded custom data for JEREMIAH the data has in it http://preview.flowmobileapps.com/compare/ocandr
 INFO  logger : loaded custom data for Chris the data has in it http://preview.flowmobileapps.com/compare/munchyz
 INFO  logger : loaded custom data for Baron the data has in it http://preview.flowmobileapps.com/compare/bluecypressgolf
 INFO  logger : loaded custom data for DAN the data has in it http://preview.flowmobileapps.com/compare/pureproproductsllc
 INFO  logger : loaded custom data for Kal the data has in it http://preview.flowmobileapps.com/compare/cateringbykal
 INFO  logger : loaded custom data for GREGG the data has in it http://preview.flowmobileapps.com/compare/dallasenergyefficientproducts
 INFO  logger : loaded custom data for Daniel the data has in it http://preview.flowmobileapps.com/compare/swvamoving
 INFO  logger : loaded custom data for Migdalia the data has in it http://preview.flowmobileapps.com/compare/teddybearcorner_1
 INFO  logger : loaded custom data for SHEKEDA the data has in it http://preview.flowmobileapps.com/compare/creativeplaykidzklub
 INFO  logger : loaded custom data for Bob the data has in it http://preview.flowmobileapps.com/compare/animalplayground
 INFO  logger : loaded custom data for Ritch the data has in it http://preview.flowmobileapps.com/compare/wickedcellars
 INFO  logger : loaded custom data for Kevin the data has in it http://preview.flowmobileapps.com/compare/bettyboosdaycare
 INFO  logger : loaded custom data for Anni the data has in it http://preview.flowmobileapps.com/compare/preautoserve
 INFO  logger : loaded custom data for Linda the data has in it http://preview.flowmobileapps.com/compare/heavenscentcleaningservice
 INFO  logger : loaded custom data for Jim the data has in it http://preview.flowmobileapps.com/compare/marcosbakery_1
 INFO  logger : loaded custom data for RADOSLAV the data has in it http://preview.flowmobileapps.com/compare/onlinerestaurants
 INFO  logger : loaded custom data for Guerda the data has in it http://preview.flowmobileapps.com/compare/lordanadesigns
 INFO  logger : loaded custom data for Stephen the data has in it http://preview.flowmobileapps.com/compare/sandersdrafting
 INFO  logger : loaded custom data for Jeff the data has in it http://preview.flowmobileapps.com/compare/lawrencevillesepticservices
 INFO  logger : loaded custom data for MARIA the data has in it http://preview.flowmobileapps.com/compare/angeliccakesnbakery
 INFO  logger : loaded custom data for RACHAEL the data has in it http://preview.flowmobileapps.com/compare/civviesclothes
 INFO  logger : loaded custom data for DUKE the data has in it http://preview.flowmobileapps.com/compare/courtesycleanersmtvernon
 INFO  logger : loaded custom data for TOM the data has in it http://preview.flowmobileapps.com/compare/armobility
 INFO  logger : loaded custom data for David the data has in it http://preview.flowmobileapps.com/compare/merchantservicesmobile_1
 INFO  logger : loaded custom data for PHILIP the data has in it http://preview.flowmobileapps.com/compare/maverickbrands
 INFO  logger : loaded custom data for Dale the data has in it http://preview.flowmobileapps.com/compare/timeshareshopnsave
 INFO  logger : loaded custom data for Judy the data has in it http://preview.flowmobileapps.com/compare/medicalbillingprofessionalsfl
 INFO  logger : loaded custom data for Heather the data has in it http://preview.flowmobileapps.com/compare/brightstarcare
 INFO  logger : loaded custom data for Kim the data has in it http://preview.flowmobileapps.com/compare/tenderheartpreschool
 INFO  logger : loaded custom data for Bert the data has in it http://preview.flowmobileapps.com/compare/shopwithdorman
 INFO  logger : loaded custom data for KATHLEEN the data has in it http://preview.flowmobileapps.com/compare/bigskytoyroom
 INFO  logger : loaded custom data for ALEXANDER the data has in it http://preview.flowmobileapps.com/compare/lifecoachalex
 INFO  logger : loaded custom data for ROY the data has in it http://preview.flowmobileapps.com/compare/sacramentocounselingassociates
 INFO  logger : loaded custom data for Anthony the data has in it http://preview.flowmobileapps.com/compare/anthonyspropertyservicesllc
 INFO  logger : loaded custom data for Victoria the data has in it http://preview.flowmobileapps.com/compare/safeharborlascrucesnm
 INFO  logger : loaded custom data for WILLIAM the data has in it http://preview.flowmobileapps.com/compare/vigormassive
 INFO  logger : loaded custom data for Dorothy the data has in it http://preview.flowmobileapps.com/compare/steppinoutpetsitting
 INFO  logger : loaded custom data for Jim the data has in it http://preview.flowmobileapps.com/compare/watermarkgrille_1
 INFO  logger : loaded custom data for Connie the data has in it http://preview.flowmobileapps.com/compare/alreadymadesigns
 INFO  logger : loaded custom data for Aly the data has in it http://preview.flowmobileapps.com/compare/planetpizzaandsubs
 INFO  logger : loaded custom data for Vincent the data has in it http://preview.flowmobileapps.com/compare/fightfitkickboxing
 INFO  logger : loaded custom data for ANNA the data has in it http://preview.flowmobileapps.com/compare/annaleesecretarial
 INFO  logger : we have modified:  100 leads
 INFO  logger : We have found #<ActiveRecord::Relation:0x8f7945c> leads
 INFO  logger : We have found 100 leads
 INFO  logger : We have found 100 leads
 INFO  logger : loaded custom data for frances the data has in it http://preview.flowmobileapps.com/compare/abbeygatepresssc
 INFO  logger : We have found 100 leads
 INFO  logger : We have found 100 leads
 INFO  logger : loaded custom data for frances the data has in it http://preview.flowmobileapps.com/compare/abbeygatepresssc
 INFO  logger : We have found 100 leads
 INFO  logger : We have found 100 leads
 INFO  logger : We have found 100 leads
 INFO  logger : loaded custom data for frances the data has in it http://preview.flowmobileapps.com/compare/abbeygatepresssc
 INFO  logger : We have found 100 leads
 INFO  logger : loaded custom data for frances the data has in it http://preview.flowmobileapps.com/compare/abbeygatepresssc
 INFO  logger : We have found 100 leads
 INFO  logger : loaded custom data for frances the data has in it http://preview.flowmobileapps.com/compare/abbeygatepresssc
 INFO  logger : it has the email: feiop8@gmail.com
 INFO  logger : loaded custom data for Gina D the data has in it http://preview.flowmobileapps.com/compare/wichitacounseling_blogspot_1
 INFO  logger : it has the email: ginaheyen@gmail.com
 INFO  logger : loaded custom data for Deidre the data has in it http://preview.flowmobileapps.com/compare/deidreshairstudio_1
 INFO  logger : it has the email: deidreshairstudio@gmail.com
 INFO  logger : loaded custom data for ashley the data has in it http://preview.flowmobileapps.com/compare/ashleyannfl
 INFO  logger : it has the email: ashley10292002@gmail.com
 INFO  logger : loaded custom data for brian the data has in it http://preview.flowmobileapps.com/compare/kberry
 INFO  logger : it has the email: taxi4hire@yahoo.com
 INFO  logger : loaded custom data for Francis the data has in it http://preview.flowmobileapps.com/compare/walshcontractors_1
 INFO  logger : it has the email: walshcontractors@yahoo.com
 INFO  logger : loaded custom data for susan the data has in it http://preview.flowmobileapps.com/compare/clippersedge
 INFO  logger : it has the email: sj60025@aol.com
 INFO  logger : loaded custom data for Ryan the data has in it http://preview.flowmobileapps.com/compare/indrebuild
 INFO  logger : it has the email: independentrebuild@yahoo.com
 INFO  logger : loaded custom data for David the data has in it http://preview.flowmobileapps.com/compare/miamielitedj
 INFO  logger : it has the email: info@miamielitedj.com
 INFO  logger : loaded custom data for Mike the data has in it http://preview.flowmobileapps.com/compare/affordableinspectionsoftampabay
 INFO  logger : it has the email: mike@inspect-1.com
 INFO  logger : loaded custom data for sendi the data has in it http://preview.flowmobileapps.com/compare/westlandvet
 INFO  logger : it has the email: contactwestlandvetnery@gmail.com
 INFO  logger : loaded custom data for linda the data has in it http://preview.flowmobileapps.com/compare/caninestylesaz
 INFO  logger : it has the email: linda@caninestylesaz.com
 INFO  logger : loaded custom data for david the data has in it http://preview.flowmobileapps.com/compare/computerconfidence
 INFO  logger : it has the email: david@computerconfidence.net
 INFO  logger : loaded custom data for ron the data has in it http://preview.flowmobileapps.com/compare/masscomputers
 INFO  logger : it has the email: ronstodden@masscomputers.com
 INFO  logger : loaded custom data for Aaron the data has in it http://preview.flowmobileapps.com/compare/computermd4u
 INFO  logger : it has the email: support@computermd4u.com
 INFO  logger : loaded custom data for DAVE the data has in it http://preview.flowmobileapps.com/compare/stanolsen
 INFO  logger : it has the email: D.FCHOONOVER@STANOLSEN.COM
 INFO  logger : loaded custom data for harley the data has in it http://preview.flowmobileapps.com/compare/thearkvetlasvegas
 INFO  logger : it has the email: thearkov@earthoink.net
 INFO  logger : loaded custom data for MIKE the data has in it http://preview.flowmobileapps.com/compare/expertautogroup
 INFO  logger : it has the email: MIKE@EXPERTAUTOGROUP.NET
 INFO  logger : loaded custom data for dan brutsche the data has in it http://preview.flowmobileapps.com/compare/dogtrainingprofessionals
 INFO  logger : it has the email: dbdogtrn@aol.com
 INFO  logger : loaded custom data for Liroy Soper the data has in it http://preview.flowmobileapps.com/compare/solarxofthepalms
 INFO  logger : it has the email: allstarwt@att.net
 INFO  logger : loaded custom data for Jasmin the data has in it http://preview.flowmobileapps.com/compare/poshnail
 INFO  logger : it has the email: info@poshnail.com
 INFO  logger : loaded custom data for Dan the data has in it http://preview.flowmobileapps.com/compare/feckc
 INFO  logger : it has the email: dlindle@feckc.org
 INFO  logger : loaded custom data for Jay the data has in it http://preview.flowmobileapps.com/compare/cetanasalonspa
 INFO  logger : it has the email: jay@cetanasalonspa.com
 INFO  logger : loaded custom data for Sophia the data has in it http://preview.flowmobileapps.com/compare/sophiascostumes
 INFO  logger : it has the email: sgreytdame@aol.com
 INFO  logger : loaded custom data for Gail the data has in it http://preview.flowmobileapps.com/compare/petexpressllc
 INFO  logger : it has the email: gail212@aol.com
 INFO  logger : loaded custom data for BOB the data has in it http://preview.flowmobileapps.com/compare/thepalmettostorage
 INFO  logger : it has the email: palmettostorage@hargray.com
 INFO  logger : loaded custom data for Josh the data has in it http://preview.flowmobileapps.com/compare/anacortesliquor
 INFO  logger : it has the email: manager@anacortesliquor.com
 INFO  logger : loaded custom data for LEOTHA the data has in it http://preview.flowmobileapps.com/compare/allnaturalhealthandweightloss
 INFO  logger : it has the email: allnaturalhealth@cox.net
 INFO  logger : loaded custom data for Dimitry the data has in it http://preview.flowmobileapps.com/compare/smokepipeshops
 INFO  logger : it has the email: mr.smokebayarea@yahoo.com
 INFO  logger : loaded custom data for Gemma the data has in it http://preview.flowmobileapps.com/compare/playfulpetsplaytime
 INFO  logger : it has the email: info@www.playfulpetsplaytime.com
 INFO  logger : loaded custom data for Jodie the data has in it http://preview.flowmobileapps.com/compare/denverpetpal
 INFO  logger : it has the email: jodiebrownlee@gmail.com
 INFO  logger : loaded custom data for Marnie the data has in it http://preview.flowmobileapps.com/compare/u-shampooch
 INFO  logger : it has the email: ushampooch@msn.com
 INFO  logger : loaded custom data for ARIF the data has in it http://preview.flowmobileapps.com/compare/customcabinetryllc
 INFO  logger : it has the email: custom.cabinetry@hotmail.com
 INFO  logger : loaded custom data for Cameron the data has in it http://preview.flowmobileapps.com/compare/dogonefunchicago
 INFO  logger : it has the email: cmann@dogonefunchicago.com
 INFO  logger : loaded custom data for Becky the data has in it http://preview.flowmobileapps.com/compare/abcrittercare
 INFO  logger : it has the email: abcrittercare@gmail.com
 INFO  logger : loaded custom data for DEBORAH the data has in it http://preview.flowmobileapps.com/compare/debsdollboutique
 INFO  logger : it has the email: debsdollboutique@comcast.net
 INFO  logger : loaded custom data for GREG the data has in it http://preview.flowmobileapps.com/compare/westlgi
 INFO  logger : it has the email: glutkauskas@mwdist.com
 INFO  logger : loaded custom data for Ceribdis the data has in it http://preview.flowmobileapps.com/compare/azexoticpets
 INFO  logger : it has the email: azexoticpets@yahoo.com
 INFO  logger : loaded custom data for JASMINE the data has in it http://preview.flowmobileapps.com/compare/salonvishay
 INFO  logger : it has the email: customerservice@salonvishay.com
 INFO  logger : loaded custom data for Jason the data has in it http://preview.flowmobileapps.com/compare/acepetservices
 INFO  logger : it has the email: jason@acepetservices.net
 INFO  logger : loaded custom data for Andy the data has in it http://preview.flowmobileapps.com/compare/theurbanpet
 INFO  logger : it has the email: info@theurbanpet.net
 INFO  logger : loaded custom data for Stephanie the data has in it http://preview.flowmobileapps.com/compare/freeartsaz
 INFO  logger : it has the email: info@freeartsaz.org
 INFO  logger : loaded custom data for Pete the data has in it http://preview.flowmobileapps.com/compare/vasforemost
 INFO  logger : it has the email: info@vasforemost.com
 INFO  logger : loaded custom data for GRETCHEN the data has in it http://preview.flowmobileapps.com/compare/woodsidefarmcreamery
 INFO  logger : it has the email: wfc@woodsidefarmcreamery.com
 INFO  logger : loaded custom data for Kamesha the data has in it http://preview.flowmobileapps.com/compare/balancespachicago
 INFO  logger : it has the email: info@balancespachicago.com
 INFO  logger : loaded custom data for Paula the data has in it http://preview.flowmobileapps.com/compare/paulaspawsitivepetservices
 INFO  logger : it has the email: pjcunningham714@gmail.com
 INFO  logger : loaded custom data for Jenny the data has in it http://preview.flowmobileapps.com/compare/thekidsinharmony
 INFO  logger : it has the email: kids_in_harmony@yahoo.com
 INFO  logger : loaded custom data for Kim the data has in it http://preview.flowmobileapps.com/compare/achildsspace
 INFO  logger : it has the email: office@achildsspace.com
 INFO  logger : loaded custom data for Ahmad the data has in it http://preview.flowmobileapps.com/compare/smokeshop111
 INFO  logger : it has the email: labird82@hotmail.com
 INFO  logger : loaded custom data for Shannon the data has in it http://preview.flowmobileapps.com/compare/mymamaandme
 INFO  logger : it has the email: info@mymamaandme.com
 INFO  logger : loaded custom data for PATRICIA the data has in it http://preview.flowmobileapps.com/compare/woofnmeow
 INFO  logger : it has the email: patty10270@yahoo.com
 INFO  logger : loaded custom data for Kris the data has in it http://preview.flowmobileapps.com/compare/creativeplayschool
 INFO  logger : it has the email: ksolberg@creativeplayschool.biz
 INFO  logger : loaded custom data for Sherry the data has in it http://preview.flowmobileapps.com/compare/tinkertown
 INFO  logger : it has the email: sherry.limon@yahoo.com
 INFO  logger : loaded custom data for JEREMIAH the data has in it http://preview.flowmobileapps.com/compare/ocandr
 INFO  logger : it has the email: jeremiah@ocandr.com
 INFO  logger : loaded custom data for Chris the data has in it http://preview.flowmobileapps.com/compare/munchyz
 INFO  logger : it has the email: cs@munchyz.com
 INFO  logger : loaded custom data for Baron the data has in it http://preview.flowmobileapps.com/compare/bluecypressgolf
 INFO  logger : it has the email: comstock@pga.com
 INFO  logger : loaded custom data for DAN the data has in it http://preview.flowmobileapps.com/compare/pureproproductsllc
 INFO  logger : it has the email: Info@pureproproductsllc.com
 INFO  logger : loaded custom data for Kal the data has in it http://preview.flowmobileapps.com/compare/cateringbykal
 INFO  logger : it has the email: kal@cateringbykal.com
 INFO  logger : loaded custom data for GREGG the data has in it http://preview.flowmobileapps.com/compare/dallasenergyefficientproducts
 INFO  logger : it has the email: gregg@dallasenergyefficientproducts.com
 INFO  logger : loaded custom data for Daniel the data has in it http://preview.flowmobileapps.com/compare/swvamoving
 INFO  logger : it has the email: dans@swvamoving.com
 INFO  logger : loaded custom data for Migdalia the data has in it http://preview.flowmobileapps.com/compare/teddybearcorner_1
 INFO  logger : it has the email: dawn@teddybearcorner.com
 INFO  logger : loaded custom data for SHEKEDA the data has in it http://preview.flowmobileapps.com/compare/creativeplaykidzklub
 INFO  logger : it has the email: info@creativeplaykidzklub.com
 INFO  logger : loaded custom data for Bob the data has in it http://preview.flowmobileapps.com/compare/animalplayground
 INFO  logger : it has the email: 1animalplayground@gmail.com
 INFO  logger : loaded custom data for Ritch the data has in it http://preview.flowmobileapps.com/compare/wickedcellars
 INFO  logger : it has the email: info@wickedcellars.com
 INFO  logger : loaded custom data for Kevin the data has in it http://preview.flowmobileapps.com/compare/bettyboosdaycare
 INFO  logger : it has the email: mrkevin1124@gmail.com
 INFO  logger : loaded custom data for Anni the data has in it http://preview.flowmobileapps.com/compare/preautoserve
 INFO  logger : We have found 100 leads
 INFO  logger : loaded custom data for frances the data has in it http://preview.flowmobileapps.com/compare/abbeygatepresssc
 INFO  logger : it has the email: feiop8@gmail.com
 INFO  logger : loaded custom data for Gina D the data has in it http://preview.flowmobileapps.com/compare/wichitacounseling_blogspot_1
 INFO  logger : it has the email: ginaheyen@gmail.com
 INFO  logger : We have found 100 leads
 INFO  logger : loaded custom data for frances the data has in it http://preview.flowmobileapps.com/compare/abbeygatepresssc
 INFO  logger : it has the email: feiop8@gmail.com
 INFO  logger : We have found 100 leads
 INFO  logger : loaded custom data for frances the data has in it http://preview.flowmobileapps.com/compare/abbeygatepresssc
 INFO  logger : it has the email: feiop8@gmail.com
 INFO  logger : We have found 100 leads
 INFO  logger : loaded custom data for frances the data has in it http://preview.flowmobileapps.com/compare/abbeygatepresssc
 INFO  logger : it has the email: feiop8@gmail.com
 INFO  logger : We have found 100 leads
 INFO  logger : loaded custom data for frances the data has in it http://preview.flowmobileapps.com/compare/abbeygatepresssc
 INFO  logger : it has the email: feiop8@gmail.com
 INFO  logger : We have found 100 leads
 INFO  logger : loaded custom data for frances the data has in it http://preview.flowmobileapps.com/compare/abbeygatepresssc
 INFO  logger : it has the email: feiop8@gmail.com
 INFO  logger : We have found 100 leads
 INFO  logger : loaded custom data for frances the data has in it http://preview.flowmobileapps.com/compare/abbeygatepresssc
 INFO  logger : it has the email: feiop8@gmail.com
 INFO  logger : The api call response: OK
 INFO  logger : Saved the new status
 INFO  logger : --Done--
 INFO  logger : loaded custom data for Gina D the data has in it http://preview.flowmobileapps.com/compare/wichitacounseling_blogspot_1
 INFO  logger : it has the email: ginaheyen@gmail.com
 INFO  logger : The api call response: OK
 INFO  logger : Saved the new status
 INFO  logger : --Done--
 INFO  logger : loaded custom data for Deidre the data has in it http://preview.flowmobileapps.com/compare/deidreshairstudio_1
 INFO  logger : it has the email: deidreshairstudio@gmail.com
 INFO  logger : The api call response: OK
 INFO  logger : Saved the new status
 INFO  logger : --Done--
 INFO  logger : loaded custom data for ashley the data has in it http://preview.flowmobileapps.com/compare/ashleyannfl
 INFO  logger : it has the email: ashley10292002@gmail.com
 INFO  logger : The api call response: OK
 INFO  logger : Saved the new status
 INFO  logger : --Done--
 INFO  logger : loaded custom data for brian the data has in it http://preview.flowmobileapps.com/compare/kberry
 INFO  logger : it has the email: taxi4hire@yahoo.com
 INFO  logger : The api call response: OK
 INFO  logger : Saved the new status
 INFO  logger : --Done--
 INFO  logger : loaded custom data for Francis the data has in it http://preview.flowmobileapps.com/compare/walshcontractors_1
 INFO  logger : it has the email: walshcontractors@yahoo.com
 INFO  logger : The api call response: OK
 INFO  logger : Saved the new status
 INFO  logger : --Done--
 INFO  logger : loaded custom data for susan the data has in it http://preview.flowmobileapps.com/compare/clippersedge
 INFO  logger : it has the email: sj60025@aol.com
 INFO  logger : The api call response: OK
 INFO  logger : Saved the new status
 INFO  logger : --Done--
 INFO  logger : loaded custom data for Ryan the data has in it http://preview.flowmobileapps.com/compare/indrebuild
 INFO  logger : it has the email: independentrebuild@yahoo.com
 INFO  logger : The api call response: OK
 INFO  logger : Saved the new status
 INFO  logger : --Done--
 INFO  logger : loaded custom data for David the data has in it http://preview.flowmobileapps.com/compare/miamielitedj
 INFO  logger : it has the email: info@miamielitedj.com
 INFO  logger : The api call response: OK
 INFO  logger : Saved the new status
 INFO  logger : --Done--
 INFO  logger : loaded custom data for Mike the data has in it http://preview.flowmobileapps.com/compare/affordableinspectionsoftampabay
 INFO  logger : it has the email: mike@inspect-1.com
 INFO  logger : The api call response: OK
 INFO  logger : Saved the new status
 INFO  logger : --Done--
 INFO  logger : loaded custom data for sendi the data has in it http://preview.flowmobileapps.com/compare/westlandvet
 INFO  logger : it has the email: contactwestlandvetnery@gmail.com
 INFO  logger : The api call response: OK
 INFO  logger : Saved the new status
 INFO  logger : --Done--
 INFO  logger : loaded custom data for linda the data has in it http://preview.flowmobileapps.com/compare/caninestylesaz
 INFO  logger : it has the email: linda@caninestylesaz.com
 INFO  logger : The api call response: OK
 INFO  logger : Saved the new status
 INFO  logger : --Done--
 INFO  logger : loaded custom data for david the data has in it http://preview.flowmobileapps.com/compare/computerconfidence
 INFO  logger : it has the email: david@computerconfidence.net
 INFO  logger : The api call response: OK
 INFO  logger : Saved the new status
 INFO  logger : --Done--
 INFO  logger : loaded custom data for ron the data has in it http://preview.flowmobileapps.com/compare/masscomputers
 INFO  logger : it has the email: ronstodden@masscomputers.com
 INFO  logger : The api call response: OK
 INFO  logger : Saved the new status
 INFO  logger : --Done--
 INFO  logger : loaded custom data for Aaron the data has in it http://preview.flowmobileapps.com/compare/computermd4u
 INFO  logger : it has the email: support@computermd4u.com
 INFO  logger : The api call response: OK
 INFO  logger : Saved the new status
 INFO  logger : --Done--
 INFO  logger : loaded custom data for DAVE the data has in it http://preview.flowmobileapps.com/compare/stanolsen
 INFO  logger : it has the email: D.FCHOONOVER@STANOLSEN.COM
 INFO  logger : The api call response: OK
 INFO  logger : Saved the new status
 INFO  logger : --Done--
 INFO  logger : loaded custom data for harley the data has in it http://preview.flowmobileapps.com/compare/thearkvetlasvegas
 INFO  logger : it has the email: thearkov@earthoink.net
 INFO  logger : The api call response: OK
 INFO  logger : Saved the new status
 INFO  logger : --Done--
 INFO  logger : loaded custom data for MIKE the data has in it http://preview.flowmobileapps.com/compare/expertautogroup
 INFO  logger : it has the email: MIKE@EXPERTAUTOGROUP.NET
 INFO  logger : The api call response: OK
 INFO  logger : Saved the new status
 INFO  logger : --Done--
 INFO  logger : loaded custom data for dan brutsche the data has in it http://preview.flowmobileapps.com/compare/dogtrainingprofessionals
 INFO  logger : it has the email: dbdogtrn@aol.com
 INFO  logger : The api call response: OK
 INFO  logger : Saved the new status
 INFO  logger : --Done--
 INFO  logger : loaded custom data for Liroy Soper the data has in it http://preview.flowmobileapps.com/compare/solarxofthepalms
 INFO  logger : it has the email: allstarwt@att.net
 INFO  logger : The api call response: OK
 INFO  logger : Saved the new status
 INFO  logger : --Done--
 INFO  logger : loaded custom data for Jasmin the data has in it http://preview.flowmobileapps.com/compare/poshnail
 INFO  logger : it has the email: info@poshnail.com
 INFO  logger : The api call response: OK
 INFO  logger : Saved the new status
 INFO  logger : --Done--
 INFO  logger : loaded custom data for Dan the data has in it http://preview.flowmobileapps.com/compare/feckc
 INFO  logger : it has the email: dlindle@feckc.org
 INFO  logger : The api call response: OK
 INFO  logger : Saved the new status
 INFO  logger : --Done--
 INFO  logger : loaded custom data for Jay the data has in it http://preview.flowmobileapps.com/compare/cetanasalonspa
 INFO  logger : it has the email: jay@cetanasalonspa.com
 INFO  logger : The api call response: OK
 INFO  logger : Saved the new status
 INFO  logger : --Done--
 INFO  logger : loaded custom data for Sophia the data has in it http://preview.flowmobileapps.com/compare/sophiascostumes
 INFO  logger : it has the email: sgreytdame@aol.com
 INFO  logger : The api call response: OK
 INFO  logger : Saved the new status
 INFO  logger : --Done--
 INFO  logger : loaded custom data for Gail the data has in it http://preview.flowmobileapps.com/compare/petexpressllc
 INFO  logger : it has the email: gail212@aol.com
 INFO  logger : The api call response: OK
 INFO  logger : Saved the new status
 INFO  logger : --Done--
 INFO  logger : loaded custom data for BOB the data has in it http://preview.flowmobileapps.com/compare/thepalmettostorage
 INFO  logger : it has the email: palmettostorage@hargray.com
 INFO  logger : The api call response: OK
 INFO  logger : Saved the new status
 INFO  logger : --Done--
 INFO  logger : loaded custom data for Josh the data has in it http://preview.flowmobileapps.com/compare/anacortesliquor
 INFO  logger : it has the email: manager@anacortesliquor.com
 INFO  logger : The api call response: OK
 INFO  logger : Saved the new status
 INFO  logger : --Done--
 INFO  logger : loaded custom data for LEOTHA the data has in it http://preview.flowmobileapps.com/compare/allnaturalhealthandweightloss
 INFO  logger : it has the email: allnaturalhealth@cox.net
 INFO  logger : The api call response: OK
 INFO  logger : Saved the new status
 INFO  logger : --Done--
 INFO  logger : loaded custom data for Dimitry the data has in it http://preview.flowmobileapps.com/compare/smokepipeshops
 INFO  logger : it has the email: mr.smokebayarea@yahoo.com
 INFO  logger : The api call response: OK
 INFO  logger : Saved the new status
 INFO  logger : --Done--
 INFO  logger : loaded custom data for Gemma the data has in it http://preview.flowmobileapps.com/compare/playfulpetsplaytime
 INFO  logger : it has the email: info@www.playfulpetsplaytime.com
 INFO  logger : The api call response: OK
 INFO  logger : Saved the new status
 INFO  logger : --Done--
 INFO  logger : loaded custom data for Jodie the data has in it http://preview.flowmobileapps.com/compare/denverpetpal
 INFO  logger : it has the email: jodiebrownlee@gmail.com
 INFO  logger : The api call response: OK
 INFO  logger : Saved the new status
 INFO  logger : --Done--
 INFO  logger : loaded custom data for Marnie the data has in it http://preview.flowmobileapps.com/compare/u-shampooch
 INFO  logger : it has the email: ushampooch@msn.com
 INFO  logger : The api call response: OK
 INFO  logger : Saved the new status
 INFO  logger : --Done--
 INFO  logger : loaded custom data for ARIF the data has in it http://preview.flowmobileapps.com/compare/customcabinetryllc
 INFO  logger : it has the email: custom.cabinetry@hotmail.com
 INFO  logger : The api call response: OK
 INFO  logger : Saved the new status
 INFO  logger : --Done--
 INFO  logger : loaded custom data for Cameron the data has in it http://preview.flowmobileapps.com/compare/dogonefunchicago
 INFO  logger : it has the email: cmann@dogonefunchicago.com
 INFO  logger : The api call response: OK
 INFO  logger : Saved the new status
 INFO  logger : --Done--
 INFO  logger : loaded custom data for Becky the data has in it http://preview.flowmobileapps.com/compare/abcrittercare
 INFO  logger : it has the email: abcrittercare@gmail.com
 INFO  logger : The api call response: OK
 INFO  logger : Saved the new status
 INFO  logger : --Done--
 INFO  logger : loaded custom data for DEBORAH the data has in it http://preview.flowmobileapps.com/compare/debsdollboutique
 INFO  logger : it has the email: debsdollboutique@comcast.net
 INFO  logger : The api call response: OK
 INFO  logger : Saved the new status
 INFO  logger : --Done--
 INFO  logger : loaded custom data for GREG the data has in it http://preview.flowmobileapps.com/compare/westlgi
 INFO  logger : it has the email: glutkauskas@mwdist.com
 INFO  logger : The api call response: OK
 INFO  logger : Saved the new status
 INFO  logger : --Done--
 INFO  logger : loaded custom data for Ceribdis the data has in it http://preview.flowmobileapps.com/compare/azexoticpets
 INFO  logger : it has the email: azexoticpets@yahoo.com
 INFO  logger : The api call response: OK
 INFO  logger : Saved the new status
 INFO  logger : --Done--
 INFO  logger : loaded custom data for JASMINE the data has in it http://preview.flowmobileapps.com/compare/salonvishay
 INFO  logger : it has the email: customerservice@salonvishay.com
 INFO  logger : The api call response: OK
 INFO  logger : Saved the new status
 INFO  logger : --Done--
 INFO  logger : loaded custom data for Jason the data has in it http://preview.flowmobileapps.com/compare/acepetservices
 INFO  logger : it has the email: jason@acepetservices.net
 INFO  logger : The api call response: OK
 INFO  logger : Saved the new status
 INFO  logger : --Done--
 INFO  logger : loaded custom data for Andy the data has in it http://preview.flowmobileapps.com/compare/theurbanpet
 INFO  logger : it has the email: info@theurbanpet.net
 INFO  logger : The api call response: OK
 INFO  logger : Saved the new status
 INFO  logger : --Done--
 INFO  logger : loaded custom data for Stephanie the data has in it http://preview.flowmobileapps.com/compare/freeartsaz
 INFO  logger : it has the email: info@freeartsaz.org
 INFO  logger : The api call response: OK
 INFO  logger : Saved the new status
 INFO  logger : --Done--
 INFO  logger : loaded custom data for Pete the data has in it http://preview.flowmobileapps.com/compare/vasforemost
 INFO  logger : it has the email: info@vasforemost.com
 INFO  logger : The api call response: OK
 INFO  logger : Saved the new status
 INFO  logger : --Done--
 INFO  logger : loaded custom data for GRETCHEN the data has in it http://preview.flowmobileapps.com/compare/woodsidefarmcreamery
 INFO  logger : it has the email: wfc@woodsidefarmcreamery.com
 INFO  logger : The api call response: OK
 INFO  logger : Saved the new status
 INFO  logger : --Done--
 INFO  logger : loaded custom data for Kamesha the data has in it http://preview.flowmobileapps.com/compare/balancespachicago
 INFO  logger : it has the email: info@balancespachicago.com
 INFO  logger : The api call response: OK
 INFO  logger : Saved the new status
 INFO  logger : --Done--
 INFO  logger : loaded custom data for Paula the data has in it http://preview.flowmobileapps.com/compare/paulaspawsitivepetservices
 INFO  logger : it has the email: pjcunningham714@gmail.com
 INFO  logger : The api call response: OK
 INFO  logger : Saved the new status
 INFO  logger : --Done--
 INFO  logger : loaded custom data for Jenny the data has in it http://preview.flowmobileapps.com/compare/thekidsinharmony
 INFO  logger : it has the email: kids_in_harmony@yahoo.com
 INFO  logger : The api call response: OK
 INFO  logger : Saved the new status
 INFO  logger : --Done--
 INFO  logger : loaded custom data for Kim the data has in it http://preview.flowmobileapps.com/compare/achildsspace
 INFO  logger : it has the email: office@achildsspace.com
 INFO  logger : The api call response: OK
 INFO  logger : Saved the new status
 INFO  logger : --Done--
 INFO  logger : loaded custom data for Ahmad the data has in it http://preview.flowmobileapps.com/compare/smokeshop111
 INFO  logger : it has the email: labird82@hotmail.com
 INFO  logger : The api call response: OK
 INFO  logger : Saved the new status
 INFO  logger : --Done--
 INFO  logger : loaded custom data for Shannon the data has in it http://preview.flowmobileapps.com/compare/mymamaandme
 INFO  logger : it has the email: info@mymamaandme.com
 INFO  logger : The api call response: OK
 INFO  logger : Saved the new status
 INFO  logger : --Done--
 INFO  logger : loaded custom data for PATRICIA the data has in it http://preview.flowmobileapps.com/compare/woofnmeow
 INFO  logger : it has the email: patty10270@yahoo.com
 INFO  logger : The api call response: OK
 INFO  logger : Saved the new status
 INFO  logger : --Done--
 INFO  logger : loaded custom data for Kris the data has in it http://preview.flowmobileapps.com/compare/creativeplayschool
 INFO  logger : it has the email: ksolberg@creativeplayschool.biz
 INFO  logger : The api call response: OK
 INFO  logger : Saved the new status
 INFO  logger : --Done--
 INFO  logger : loaded custom data for Sherry the data has in it http://preview.flowmobileapps.com/compare/tinkertown
 INFO  logger : it has the email: sherry.limon@yahoo.com
 INFO  logger : The api call response: OK
 INFO  logger : Saved the new status
 INFO  logger : --Done--
 INFO  logger : loaded custom data for JEREMIAH the data has in it http://preview.flowmobileapps.com/compare/ocandr
 INFO  logger : it has the email: jeremiah@ocandr.com
 INFO  logger : The api call response: OK
 INFO  logger : Saved the new status
 INFO  logger : --Done--
 INFO  logger : loaded custom data for Chris the data has in it http://preview.flowmobileapps.com/compare/munchyz
 INFO  logger : it has the email: cs@munchyz.com
 INFO  logger : The api call response: OK
 INFO  logger : Saved the new status
 INFO  logger : --Done--
 INFO  logger : loaded custom data for Baron the data has in it http://preview.flowmobileapps.com/compare/bluecypressgolf
 INFO  logger : it has the email: comstock@pga.com
 INFO  logger : The api call response: OK
 INFO  logger : Saved the new status
 INFO  logger : --Done--
 INFO  logger : loaded custom data for DAN the data has in it http://preview.flowmobileapps.com/compare/pureproproductsllc
 INFO  logger : it has the email: Info@pureproproductsllc.com
 INFO  logger : The api call response: OK
 INFO  logger : Saved the new status
 INFO  logger : --Done--
 INFO  logger : loaded custom data for Kal the data has in it http://preview.flowmobileapps.com/compare/cateringbykal
 INFO  logger : it has the email: kal@cateringbykal.com
 INFO  logger : The api call response: OK
 INFO  logger : Saved the new status
 INFO  logger : --Done--
 INFO  logger : loaded custom data for GREGG the data has in it http://preview.flowmobileapps.com/compare/dallasenergyefficientproducts
 INFO  logger : it has the email: gregg@dallasenergyefficientproducts.com
 INFO  logger : The api call response: OK
 INFO  logger : Saved the new status
 INFO  logger : --Done--
 INFO  logger : loaded custom data for Daniel the data has in it http://preview.flowmobileapps.com/compare/swvamoving
 INFO  logger : it has the email: dans@swvamoving.com
 INFO  logger : The api call response: OK
 INFO  logger : Saved the new status
 INFO  logger : --Done--
 INFO  logger : loaded custom data for Migdalia the data has in it http://preview.flowmobileapps.com/compare/teddybearcorner_1
 INFO  logger : it has the email: dawn@teddybearcorner.com
 INFO  logger : The api call response: OK
 INFO  logger : Saved the new status
 INFO  logger : --Done--
 INFO  logger : loaded custom data for SHEKEDA the data has in it http://preview.flowmobileapps.com/compare/creativeplaykidzklub
 INFO  logger : it has the email: info@creativeplaykidzklub.com
 INFO  logger : The api call response: OK
 INFO  logger : Saved the new status
 INFO  logger : --Done--
 INFO  logger : loaded custom data for Bob the data has in it http://preview.flowmobileapps.com/compare/animalplayground
 INFO  logger : it has the email: 1animalplayground@gmail.com
 INFO  logger : The api call response: OK
 INFO  logger : Saved the new status
 INFO  logger : --Done--
 INFO  logger : loaded custom data for Ritch the data has in it http://preview.flowmobileapps.com/compare/wickedcellars
 INFO  logger : it has the email: info@wickedcellars.com
 INFO  logger : The api call response: OK
 INFO  logger : Saved the new status
 INFO  logger : --Done--
 INFO  logger : loaded custom data for Kevin the data has in it http://preview.flowmobileapps.com/compare/bettyboosdaycare
 INFO  logger : it has the email: mrkevin1124@gmail.com
 INFO  logger : The api call response: OK
 INFO  logger : Saved the new status
 INFO  logger : --Done--
 INFO  logger : loaded custom data for Anni the data has in it http://preview.flowmobileapps.com/compare/preautoserve
 INFO  logger : it has the email: dichoian@yahoo.com
 INFO  logger : The api call response: OK
 INFO  logger : Saved the new status
 INFO  logger : --Done--
 INFO  logger : loaded custom data for Linda the data has in it http://preview.flowmobileapps.com/compare/heavenscentcleaningservice
 INFO  logger : it has the email: Info@heavenscentcleaningservice.com
 INFO  logger : The api call response: OK
 INFO  logger : Saved the new status
 INFO  logger : --Done--
 INFO  logger : loaded custom data for Jim the data has in it http://preview.flowmobileapps.com/compare/marcosbakery_1
 INFO  logger : it has the email: welikecakes@yahoo.com
 INFO  logger : The api call response: OK
 INFO  logger : Saved the new status
 INFO  logger : --Done--
 INFO  logger : loaded custom data for RADOSLAV the data has in it http://preview.flowmobileapps.com/compare/onlinerestaurants
 INFO  logger : it has the email: support@onlinerestaurants.com
 INFO  logger : The api call response: OK
 INFO  logger : Saved the new status
 INFO  logger : --Done--
 INFO  logger : loaded custom data for Guerda the data has in it http://preview.flowmobileapps.com/compare/lordanadesigns
 INFO  logger : it has the email: lordanadesigns@yahoo.com
 INFO  logger : The api call response: OK
 INFO  logger : Saved the new status
 INFO  logger : --Done--
 INFO  logger : loaded custom data for Stephen the data has in it http://preview.flowmobileapps.com/compare/sandersdrafting
 INFO  logger : it has the email: stevesand@comcast.net
 INFO  logger : The api call response: OK
 INFO  logger : Saved the new status
 INFO  logger : --Done--
 INFO  logger : loaded custom data for Jeff the data has in it http://preview.flowmobileapps.com/compare/lawrencevillesepticservices
 INFO  logger : it has the email: allgoodseptic@yahoo.com
 INFO  logger : The api call response: OK
 INFO  logger : Saved the new status
 INFO  logger : --Done--
 INFO  logger : loaded custom data for MARIA the data has in it http://preview.flowmobileapps.com/compare/angeliccakesnbakery
 INFO  logger : it has the email: mariabroughton@angeliccakesnbakery.com
 INFO  logger : The api call response: OK
 INFO  logger : Saved the new status
 INFO  logger : --Done--
 INFO  logger : loaded custom data for RACHAEL the data has in it http://preview.flowmobileapps.com/compare/civviesclothes
 INFO  logger : it has the email: civviesclothing@bellsouth.net
 INFO  logger : The api call response: OK
 INFO  logger : Saved the new status
 INFO  logger : --Done--
 INFO  logger : loaded custom data for DUKE the data has in it http://preview.flowmobileapps.com/compare/courtesycleanersmtvernon
 INFO  logger : it has the email: randukalen@sbcglobal.net
 INFO  logger : The api call response: OK
 INFO  logger : Saved the new status
 INFO  logger : --Done--
 INFO  logger : loaded custom data for TOM the data has in it http://preview.flowmobileapps.com/compare/armobility
 INFO  logger : it has the email: admin@armobility.com
 INFO  logger : The api call response: OK
 INFO  logger : Saved the new status
 INFO  logger : --Done--
 INFO  logger : loaded custom data for David the data has in it http://preview.flowmobileapps.com/compare/merchantservicesmobile_1
 INFO  logger : it has the email: davidhanlin@bellsouth.net
 INFO  logger : The api call response: OK
 INFO  logger : Saved the new status
 INFO  logger : --Done--
 INFO  logger : loaded custom data for PHILIP the data has in it http://preview.flowmobileapps.com/compare/maverickbrands
 INFO  logger : it has the email: philip@maverickbrands.com
 INFO  logger : The api call response: OK
 INFO  logger : Saved the new status
 INFO  logger : --Done--
 INFO  logger : loaded custom data for Dale the data has in it http://preview.flowmobileapps.com/compare/timeshareshopnsave
 INFO  logger : it has the email: timeshareshopnsave@yahoo.com
 INFO  logger : The api call response: OK
 INFO  logger : Saved the new status
 INFO  logger : --Done--
 INFO  logger : loaded custom data for Judy the data has in it http://preview.flowmobileapps.com/compare/medicalbillingprofessionalsfl
 INFO  logger : it has the email: jboyce1515@embarqmail.com
 INFO  logger : The api call response: OK
 INFO  logger : Saved the new status
 INFO  logger : --Done--
 INFO  logger : loaded custom data for Heather the data has in it http://preview.flowmobileapps.com/compare/brightstarcare
 INFO  logger : it has the email: heather.schwarzkopf@brightstarcare.com
 INFO  logger : The api call response: OK
 INFO  logger : Saved the new status
 INFO  logger : --Done--
 INFO  logger : loaded custom data for Kim the data has in it http://preview.flowmobileapps.com/compare/tenderheartpreschool
 INFO  logger : it has the email: kim@tenderheartpreschool.com
 INFO  logger : The api call response: OK
 INFO  logger : Saved the new status
 INFO  logger : --Done--
 INFO  logger : loaded custom data for Bert the data has in it http://preview.flowmobileapps.com/compare/shopwithdorman
 INFO  logger : it has the email: bert73302@gmail.com
 INFO  logger : The api call response: OK
 INFO  logger : Saved the new status
 INFO  logger : --Done--
 INFO  logger : loaded custom data for KATHLEEN the data has in it http://preview.flowmobileapps.com/compare/bigskytoyroom
 INFO  logger : it has the email: kathleen@bigskytoyroom.com
 INFO  logger : The api call response: OK
 INFO  logger : Saved the new status
 INFO  logger : --Done--
 INFO  logger : loaded custom data for ALEXANDER the data has in it http://preview.flowmobileapps.com/compare/lifecoachalex
 INFO  logger : it has the email: lifecoachalexnyc@gmail.com
 INFO  logger : The api call response: OK
 INFO  logger : Saved the new status
 INFO  logger : --Done--
 INFO  logger : loaded custom data for ROY the data has in it http://preview.flowmobileapps.com/compare/sacramentocounselingassociates
 INFO  logger : it has the email: psyguyroy100@comcast.net
 INFO  logger : The api call response: OK
 INFO  logger : Saved the new status
 INFO  logger : --Done--
 INFO  logger : loaded custom data for Anthony the data has in it http://preview.flowmobileapps.com/compare/anthonyspropertyservicesllc
 INFO  logger : it has the email: aruitto@gmail.com
 INFO  logger : The api call response: OK
 INFO  logger : Saved the new status
 INFO  logger : --Done--
 INFO  logger : loaded custom data for Victoria the data has in it http://preview.flowmobileapps.com/compare/safeharborlascrucesnm
 INFO  logger : it has the email: safeharborlcnm@yahoo.com
 INFO  logger : The api call response: OK
 INFO  logger : Saved the new status
 INFO  logger : --Done--
 INFO  logger : loaded custom data for WILLIAM the data has in it http://preview.flowmobileapps.com/compare/vigormassive
 INFO  logger : it has the email: sahirhouse@aol.com
 INFO  logger : The api call response: OK
 INFO  logger : Saved the new status
 INFO  logger : --Done--
 INFO  logger : loaded custom data for Dorothy the data has in it http://preview.flowmobileapps.com/compare/steppinoutpetsitting
 INFO  logger : it has the email: jdzhook@att.net
 INFO  logger : The api call response: OK
 INFO  logger : Saved the new status
 INFO  logger : --Done--
 INFO  logger : loaded custom data for Jim the data has in it http://preview.flowmobileapps.com/compare/watermarkgrille_1
 INFO  logger : it has the email: jwatermkgrille@aol.com
 INFO  logger : The api call response: OK
 INFO  logger : Saved the new status
 INFO  logger : --Done--
 INFO  logger : loaded custom data for Connie the data has in it http://preview.flowmobileapps.com/compare/alreadymadesigns
 INFO  logger : it has the email: alreadymadesigns@ymail.com
 INFO  logger : The api call response: OK
 INFO  logger : Saved the new status
 INFO  logger : --Done--
 INFO  logger : loaded custom data for Aly the data has in it http://preview.flowmobileapps.com/compare/planetpizzaandsubs
 INFO  logger : it has the email: planetpizza117@yahoo.com
 INFO  logger : The api call response: OK
 INFO  logger : Saved the new status
 INFO  logger : --Done--
 INFO  logger : loaded custom data for Vincent the data has in it http://preview.flowmobileapps.com/compare/fightfitkickboxing
 INFO  logger : it has the email: rofmaa@gmail.com
 INFO  logger : The api call response: OK
 INFO  logger : Saved the new status
 INFO  logger : --Done--
 INFO  logger : loaded custom data for ANNA the data has in it http://preview.flowmobileapps.com/compare/annaleesecretarial
 INFO  logger : it has the email: annalee4@msn.com
 INFO  logger : The api call response: OK
 INFO  logger : Saved the new status
 NFO  logger : --Done--
