>> Writing PID to tmp/pids/thin.pid
>> Exiting!
/usr/lib/ruby/1.9.1/json/common.rb:148:in `parse': 746: unexpected token at '{ (JSON::ParserError)
    "service_email": "\"Centra Corporation\" <service@centracorporation.com>",
    "mobile_web_email": "\"Centra Small Business\" <centramobileweb@centracorporation.com>",
    "local_listing_email": "\"Centra Small Business\" <centralocallisting@centracorporation.com>",
    "host": "gator20.hostgator.com",
    "domain": "centracorporation.com",
    "username": "service@centracorporation.com",
    "password": "centra13",
    "unsubscribe_base": "soa.centracorporation.com/api/email/unsubscribe"
    "crm_base_url":"http://crmtesting.centracorporation.com"
}'
	from /usr/lib/ruby/1.9.1/json/common.rb:148:in `parse'
	from /home/davidmz/dev/CentraProjects/CentraCRMTools/emails/mailer_base.rb:7:in `get_config'
	from /home/davidmz/dev/CentraProjects/CentraCRMTools/emails/mailer_base.rb:16:in `<top (required)>'
	from /home/davidmz/dev/CentraProjects/CentraCRMTools/soa/emails/emails-api.rb:4:in `require_relative'
	from /home/davidmz/dev/CentraProjects/CentraCRMTools/soa/emails/emails-api.rb:4:in `<top (required)>'
	from /usr/lib/ruby/1.9.1/rubygems/custom_require.rb:36:in `require'
	from /usr/lib/ruby/1.9.1/rubygems/custom_require.rb:36:in `require'
	from /var/lib/gems/1.9.1/gems/backports-2.6.7/lib/backports/tools.rb:314:in `require_with_backports'
	from /var/lib/gems/1.9.1/gems/activesupport-3.2.13/lib/active_support/dependencies.rb:251:in `block in require'
	from /var/lib/gems/1.9.1/gems/activesupport-3.2.13/lib/active_support/dependencies.rb:236:in `load_dependency'
	from /var/lib/gems/1.9.1/gems/activesupport-3.2.13/lib/active_support/dependencies.rb:251:in `require'
	from /home/davidmz/dev/CentraProjects/CentraCRMTools/specs/core/../../soa/config.ru:7:in `block in <main>'
	from /var/lib/gems/1.9.1/gems/rack-1.4.5/lib/rack/builder.rb:51:in `instance_eval'
	from /var/lib/gems/1.9.1/gems/rack-1.4.5/lib/rack/builder.rb:51:in `initialize'
	from /home/davidmz/dev/CentraProjects/CentraCRMTools/specs/core/../../soa/config.ru:1:in `new'
	from /home/davidmz/dev/CentraProjects/CentraCRMTools/specs/core/../../soa/config.ru:1:in `<main>'
	from /var/lib/gems/1.9.1/gems/thin-1.5.1/lib/rack/adapter/loader.rb:33:in `eval'
	from /var/lib/gems/1.9.1/gems/thin-1.5.1/lib/rack/adapter/loader.rb:33:in `load'
	from /var/lib/gems/1.9.1/gems/thin-1.5.1/lib/thin/controllers/controller.rb:181:in `load_rackup_config'
	from /var/lib/gems/1.9.1/gems/thin-1.5.1/lib/thin/controllers/controller.rb:71:in `start'
	from /var/lib/gems/1.9.1/gems/thin-1.5.1/lib/thin/runner.rb:187:in `run_command'
	from /var/lib/gems/1.9.1/gems/thin-1.5.1/lib/thin/runner.rb:152:in `run!'
	from /var/lib/gems/1.9.1/gems/thin-1.5.1/bin/thin:6:in `<top (required)>'
	from /usr/local/bin/thin:19:in `load'
	from /usr/local/bin/thin:19:in `<main>'
>> Writing PID to tmp/pids/thin.pid
>> Exiting!
/usr/lib/ruby/1.9.1/json/common.rb:148:in `parse': 746: unexpected token at '{ (JSON::ParserError)
    "service_email": "\"Centra Corporation\" <service@centracorporation.com>",
    "mobile_web_email": "\"Centra Small Business\" <centramobileweb@centracorporation.com>",
    "local_listing_email": "\"Centra Small Business\" <centralocallisting@centracorporation.com>",
    "host": "gator20.hostgator.com",
    "domain": "centracorporation.com",
    "username": "service@centracorporation.com",
    "password": "centra13",
    "unsubscribe_base": "soa.centracorporation.com/api/email/unsubscribe"
    "crm_base_url":"http://crmtesting.centracorporation.com"
}'
	from /usr/lib/ruby/1.9.1/json/common.rb:148:in `parse'
	from /home/davidmz/dev/CentraProjects/CentraCRMTools/emails/mailer_base.rb:7:in `get_config'
	from /home/davidmz/dev/CentraProjects/CentraCRMTools/emails/mailer_base.rb:16:in `<top (required)>'
	from /home/davidmz/dev/CentraProjects/CentraCRMTools/soa/emails/emails-api.rb:4:in `require_relative'
	from /home/davidmz/dev/CentraProjects/CentraCRMTools/soa/emails/emails-api.rb:4:in `<top (required)>'
	from /usr/lib/ruby/1.9.1/rubygems/custom_require.rb:36:in `require'
	from /usr/lib/ruby/1.9.1/rubygems/custom_require.rb:36:in `require'
	from /var/lib/gems/1.9.1/gems/backports-2.6.7/lib/backports/tools.rb:314:in `require_with_backports'
	from /var/lib/gems/1.9.1/gems/activesupport-3.2.13/lib/active_support/dependencies.rb:251:in `block in require'
	from /var/lib/gems/1.9.1/gems/activesupport-3.2.13/lib/active_support/dependencies.rb:236:in `load_dependency'
	from /var/lib/gems/1.9.1/gems/activesupport-3.2.13/lib/active_support/dependencies.rb:251:in `require'
	from /home/davidmz/dev/CentraProjects/CentraCRMTools/specs/core/../../soa/config.ru:7:in `block in <main>'
	from /var/lib/gems/1.9.1/gems/rack-1.4.5/lib/rack/builder.rb:51:in `instance_eval'
	from /var/lib/gems/1.9.1/gems/rack-1.4.5/lib/rack/builder.rb:51:in `initialize'
	from /home/davidmz/dev/CentraProjects/CentraCRMTools/specs/core/../../soa/config.ru:1:in `new'
	from /home/davidmz/dev/CentraProjects/CentraCRMTools/specs/core/../../soa/config.ru:1:in `<main>'
	from /var/lib/gems/1.9.1/gems/thin-1.5.1/lib/rack/adapter/loader.rb:33:in `eval'
	from /var/lib/gems/1.9.1/gems/thin-1.5.1/lib/rack/adapter/loader.rb:33:in `load'
	from /var/lib/gems/1.9.1/gems/thin-1.5.1/lib/thin/controllers/controller.rb:181:in `load_rackup_config'
	from /var/lib/gems/1.9.1/gems/thin-1.5.1/lib/thin/controllers/controller.rb:71:in `start'
	from /var/lib/gems/1.9.1/gems/thin-1.5.1/lib/thin/runner.rb:187:in `run_command'
	from /var/lib/gems/1.9.1/gems/thin-1.5.1/lib/thin/runner.rb:152:in `run!'
	from /var/lib/gems/1.9.1/gems/thin-1.5.1/bin/thin:6:in `<top (required)>'
	from /usr/local/bin/thin:19:in `load'
	from /usr/local/bin/thin:19:in `<main>'
>> Writing PID to tmp/pids/thin.pid
>> Thin web server (v1.5.1 codename Straight Razor)
>> Tracing ON
>> Maximum connections set to 1024
>> Listening on 0.0.0.0:9050, CTRL+C to stop
